<?xml version="1.0" encoding="UTF-8"?>
<!-- Generated by org.testng.reporters.JUnitReportReporter -->
<testsuite skipped="0" hostname="DESKTOP-N8EP0UV" name="script.TestLogin" tests="1" failures="0" timestamp="02 Jun 2017 06:50:56 GMT" time="29.591" errors="0">
  <testcase name="ValidLogin" time="29.591" classname="script.TestLogin"/>
</testsuite> <!-- script.TestLogin -->
