<?xml version="1.0" encoding="UTF-8"?>
<!-- Generated by org.testng.reporters.JUnitReportReporter -->
<testsuite skipped="0" hostname="DESKTOP-N8EP0UV" name="script.TestLogin" tests="1" failures="0" timestamp="31 May 2017 06:05:53 GMT" time="12.854" errors="0">
  <testcase name="ValidLogin" time="12.854" classname="script.TestLogin"/>
</testsuite> <!-- script.TestLogin -->
